DEBUG:urllib3.connectionpool:Starting new HTTPS connection (1): bohrium.dp.tech:443
DEBUG:urllib3.connectionpool:https://bohrium.dp.tech:443 "POST /account/login HTTP/1.1" 200 492
DEBUG:urllib3.connectionpool:Starting new HTTPS connection (1): bohrium.dp.tech:443
DEBUG:urllib3.connectionpool:https://bohrium.dp.tech:443 "GET /brm/v1/storage/token HTTP/1.1" 200 349
DEBUG:root:upload artifact: handle path: /Users/zhuoyuan/PycharmProjects/APEX/examples/lammps_demo
DEBUG:urllib3.connectionpool:Starting new HTTPS connection (1): tiefblue.dp.tech:443
DEBUG:urllib3.connectionpool:https://tiefblue.dp.tech:443 "POST /api/upload/binary HTTP/1.1" 200 108
DEBUG:root:upload artifact: finished
DEBUG:root:upload artifact: handle path: param_relax.json
DEBUG:root:upload artifact: finished
DEBUG:root:upload artifact: handle path: /Users/zhuoyuan/opt/anaconda3/envs/apex-test/lib/python3.10/site-packages/apex/core/calculator/Task.py
DEBUG:root:upload artifact: handle path: /Users/zhuoyuan/opt/anaconda3/envs/apex-test/lib/python3.10/site-packages/apex/core/Property.py
DEBUG:root:upload artifact: handle path: /Users/zhuoyuan/opt/anaconda3/envs/apex-test/lib/python3.10/site-packages/apex/core/lib/trans_tools.py
DEBUG:root:upload artifact: handle path: /Users/zhuoyuan/opt/anaconda3/envs/apex-test/lib/python3.10/site-packages/apex/core/calculator/lib/lammps.py
DEBUG:root:upload artifact: handle path: /Users/zhuoyuan/opt/anaconda3/envs/apex-test/lib/python3.10/site-packages/apex/core/Structure.py
DEBUG:root:upload artifact: handle path: /Users/zhuoyuan/opt/anaconda3/envs/apex-test/lib/python3.10/site-packages/apex/op/relaxation_flow_ops.py
DEBUG:root:upload artifact: handle path: /Users/zhuoyuan/opt/anaconda3/envs/apex-test/lib/python3.10/site-packages/apex/core/property/Elastic.py
DEBUG:root:upload artifact: handle path: /Users/zhuoyuan/opt/anaconda3/envs/apex-test/lib/python3.10/site-packages/apex/core/property/Gamma.py
DEBUG:root:upload artifact: handle path: /Users/zhuoyuan/opt/anaconda3/envs/apex-test/lib/python3.10/site-packages/apex/core/mpdb.py
DEBUG:root:upload artifact: handle path: /Users/zhuoyuan/opt/anaconda3/envs/apex-test/lib/python3.10/site-packages/apex/VASP_flow.py
DEBUG:root:upload artifact: handle path: /Users/zhuoyuan/opt/anaconda3/envs/apex-test/lib/python3.10/site-packages/apex/core/common_prop.py
DEBUG:root:upload artifact: handle path: /Users/zhuoyuan/opt/anaconda3/envs/apex-test/lib/python3.10/site-packages/apex/core/calculator/calculator.py
DEBUG:root:upload artifact: handle path: /Users/zhuoyuan/opt/anaconda3/envs/apex-test/lib/python3.10/site-packages/apex/core/refine.py
DEBUG:root:upload artifact: handle path: /Users/zhuoyuan/opt/anaconda3/envs/apex-test/lib/python3.10/site-packages/apex/core/reproduce.py
DEBUG:root:upload artifact: handle path: /Users/zhuoyuan/opt/anaconda3/envs/apex-test/lib/python3.10/site-packages/apex/core/lib/slab_orientation.py
DEBUG:root:upload artifact: handle path: /Users/zhuoyuan/opt/anaconda3/envs/apex-test/lib/python3.10/site-packages/apex/core/property/EOS.py
DEBUG:root:upload artifact: handle path: /Users/zhuoyuan/opt/anaconda3/envs/apex-test/lib/python3.10/site-packages/apex/core/property/Surface.py
DEBUG:root:upload artifact: handle path: /Users/zhuoyuan/opt/anaconda3/envs/apex-test/lib/python3.10/site-packages/apex/core/lib/crys.py
DEBUG:root:upload artifact: handle path: /Users/zhuoyuan/opt/anaconda3/envs/apex-test/lib/python3.10/site-packages/apex/core/calculator/Lammps.py
DEBUG:root:upload artifact: handle path: /Users/zhuoyuan/opt/anaconda3/envs/apex-test/lib/python3.10/site-packages/apex/core/calculator/lib/abacus_scf.py
DEBUG:root:upload artifact: handle path: /Users/zhuoyuan/opt/anaconda3/envs/apex-test/lib/python3.10/site-packages/apex/fp_OPs.py
DEBUG:root:upload artifact: handle path: /Users/zhuoyuan/opt/anaconda3/envs/apex-test/lib/python3.10/site-packages/apex/lib/utils.py
DEBUG:root:upload artifact: handle path: /Users/zhuoyuan/opt/anaconda3/envs/apex-test/lib/python3.10/site-packages/apex/core/common_equi.py
DEBUG:root:upload artifact: handle path: /Users/zhuoyuan/opt/anaconda3/envs/apex-test/lib/python3.10/site-packages/apex/op/property_flow_ops.py
DEBUG:root:upload artifact: handle path: /Users/zhuoyuan/opt/anaconda3/envs/apex-test/lib/python3.10/site-packages/apex/lib/util.py
DEBUG:root:upload artifact: handle path: /Users/zhuoyuan/opt/anaconda3/envs/apex-test/lib/python3.10/site-packages/apex/ABACUS_flow.py
DEBUG:root:upload artifact: handle path: /Users/zhuoyuan/opt/anaconda3/envs/apex-test/lib/python3.10/site-packages/apex/core/property/Vacancy.py
DEBUG:root:upload artifact: handle path: /Users/zhuoyuan/opt/anaconda3/envs/apex-test/lib/python3.10/site-packages/apex/core/calculator/lib/abacus.py
DEBUG:root:upload artifact: handle path: /Users/zhuoyuan/opt/anaconda3/envs/apex-test/lib/python3.10/site-packages/apex/core/calculator/lib/vasp.py
DEBUG:root:upload artifact: handle path: /Users/zhuoyuan/opt/anaconda3/envs/apex-test/lib/python3.10/site-packages/apex/core/lib/util.py
DEBUG:root:upload artifact: handle path: /Users/zhuoyuan/opt/anaconda3/envs/apex-test/lib/python3.10/site-packages/jsonpickle
DEBUG:root:upload artifact: handle path: /Users/zhuoyuan/opt/anaconda3/envs/apex-test/lib/python3.10/site-packages/apex/core/lib/utils.py
DEBUG:root:upload artifact: handle path: /Users/zhuoyuan/opt/anaconda3/envs/apex-test/lib/python3.10/site-packages/apex/core/calculator/VASP.py
DEBUG:root:upload artifact: handle path: /Users/zhuoyuan/opt/anaconda3/envs/apex-test/lib/python3.10/site-packages/apex/LAMMPS_flow.py
DEBUG:root:upload artifact: handle path: /Users/zhuoyuan/opt/anaconda3/envs/apex-test/lib/python3.10/site-packages/apex/core/calculator/ABACUS.py
DEBUG:root:upload artifact: handle path: /Users/zhuoyuan/opt/anaconda3/envs/apex-test/lib/python3.10/site-packages/typeguard
DEBUG:root:upload artifact: handle path: /Users/zhuoyuan/opt/anaconda3/envs/apex-test/lib/python3.10/site-packages/apex/op/RunLAMMPS.py
DEBUG:root:upload artifact: handle path: /Users/zhuoyuan/opt/anaconda3/envs/apex-test/lib/python3.10/site-packages/apex/core/property/Interstitial.py
DEBUG:root:upload artifact: handle path: /Users/zhuoyuan/opt/anaconda3/envs/apex-test/lib/python3.10/site-packages/dflow
DEBUG:root:upload artifact: finished
DEBUG:root:upload artifact: handle path: param_relax.json
DEBUG:root:upload artifact: finished
DEBUG:root:upload artifact: handle path: None
DEBUG:root:upload artifact: finished
